{
  "0 debug pnpm:scope": {
    "selected": 1
  },
  "1 error pnpm": {
    "errno": 1,
    "code": "ELIFECYCLE",
    "pkgid": "vite-vue2-playground@1.0.0",
    "stage": "dev",
    "script": "vite --debug",
    "pkgname": "vite-vue2-playground",
    "err": {
      "name": "pnpm",
      "message": "vite-vue2-playground@1.0.0 dev: `vite --debug`\nExit status 1",
      "code": "ELIFECYCLE",
      "stack": "pnpm: vite-vue2-playground@1.0.0 dev: `vite --debug`\nExit status 1\n    at EventEmitter.<anonymous> (/Users/evan/Library/pnpm/global/5/.pnpm/pnpm@7.1.9/node_modules/pnpm/dist/pnpm.cjs:106976:20)\n    at EventEmitter.emit (node:events:390:28)\n    at ChildProcess.<anonymous> (/Users/evan/Library/pnpm/global/5/.pnpm/pnpm@7.1.9/node_modules/pnpm/dist/pnpm.cjs:93542:18)\n    at ChildProcess.emit (node:events:390:28)\n    at maybeClose (node:internal/child_process:1064:16)\n    at Process.ChildProcess._handle.onexit (node:internal/child_process:301:5)"
    }
  },
  "2 warn pnpm:global": " Local package.json exists, but node_modules missing, did you mean to install?"
}